c:\source\gitexternal\imgui\examples\example_win32_directx9_cat21\release\vc143.pdb
c:\source\gitexternal\imgui\examples\example_win32_directx9_cat21\release\main.obj
c:\source\gitexternal\imgui\examples\example_win32_directx9_cat21\release\asterix.obj
c:\source\gitexternal\imgui\examples\example_win32_directx9_cat21\release\socketstuff.obj
c:\source\gitexternal\imgui\examples\example_win32_directx9_cat21\release\debugwindow.obj
c:\source\gitexternal\imgui\examples\example_win32_directx9_cat21\release\geodesic.obj
c:\source\gitexternal\imgui\examples\example_win32_directx9_cat21\release\imgui_impl_win32.obj
c:\source\gitexternal\imgui\examples\example_win32_directx9_cat21\release\imgui_impl_dx9.obj
c:\source\gitexternal\imgui\examples\example_win32_directx9_cat21\release\imgui_widgets.obj
c:\source\gitexternal\imgui\examples\example_win32_directx9_cat21\release\imgui_tables.obj
c:\source\gitexternal\imgui\examples\example_win32_directx9_cat21\release\imgui_draw.obj
c:\source\gitexternal\imgui\examples\example_win32_directx9_cat21\release\imgui_demo.obj
c:\source\gitexternal\imgui\examples\example_win32_directx9_cat21\release\imgui.obj
c:\source\gitexternal\imgui\examples\example_win32_directx9_cat21\release\example_win32_directx9_cat21.ipdb
c:\source\gitexternal\imgui\examples\example_win32_directx9_cat21\release\example_win32_directx9_cat21.iobj
c:\source\gitexternal\imgui\examples\example_win32_directx9_cat21\release\example_win32_directx9_cat21.pdb
c:\source\gitexternal\imgui\examples\example_win32_directx9_cat21\release\example_win32_directx9_bg.vcxproj.filelistabsolute.txt
c:\source\gitexternal\imgui\examples\example_win32_directx9_cat21\release\example_.28c64d19.tlog\cl.command.1.tlog
c:\source\gitexternal\imgui\examples\example_win32_directx9_cat21\release\example_.28c64d19.tlog\cl.items.tlog
c:\source\gitexternal\imgui\examples\example_win32_directx9_cat21\release\example_.28c64d19.tlog\cl.read.1.tlog
c:\source\gitexternal\imgui\examples\example_win32_directx9_cat21\release\example_.28c64d19.tlog\cl.write.1.tlog
c:\source\gitexternal\imgui\examples\example_win32_directx9_cat21\release\example_.28c64d19.tlog\link-cvtres.read.1.tlog
c:\source\gitexternal\imgui\examples\example_win32_directx9_cat21\release\example_.28c64d19.tlog\link-cvtres.write.1.tlog
c:\source\gitexternal\imgui\examples\example_win32_directx9_cat21\release\example_.28c64d19.tlog\link-rc.read.1.tlog
c:\source\gitexternal\imgui\examples\example_win32_directx9_cat21\release\example_.28c64d19.tlog\link-rc.write.1.tlog
c:\source\gitexternal\imgui\examples\example_win32_directx9_cat21\release\example_.28c64d19.tlog\link.command.1.tlog
c:\source\gitexternal\imgui\examples\example_win32_directx9_cat21\release\example_.28c64d19.tlog\link.read.1.tlog
c:\source\gitexternal\imgui\examples\example_win32_directx9_cat21\release\example_.28c64d19.tlog\link.read.53.tlog
c:\source\gitexternal\imgui\examples\example_win32_directx9_cat21\release\example_.28c64d19.tlog\link.read.54.tlog
c:\source\gitexternal\imgui\examples\example_win32_directx9_cat21\release\example_.28c64d19.tlog\link.read.55.tlog
c:\source\gitexternal\imgui\examples\example_win32_directx9_cat21\release\example_.28c64d19.tlog\link.read.56.tlog
c:\source\gitexternal\imgui\examples\example_win32_directx9_cat21\release\example_.28c64d19.tlog\link.write.1.tlog
c:\source\gitexternal\imgui\examples\example_win32_directx9_cat21\release\example_.28c64d19.tlog\link.write.2u.tlog
